<?xml version="1.0" encoding="UTF-8"?>
<robot generator="Robot 6.1.1 (Python 3.10.12 on linux)" generated="20231115 00:34:42.229" rpa="false" schemaversion="4">
<suite id="s1" name="Tests" source="/home/sarmiina/Documents/projects/ohtu-palautusrepo/viikko3/web-login/src/tests">
<suite id="s1-s1" name="Home" source="/home/sarmiina/Documents/projects/ohtu-palautusrepo/viikko3/web-login/src/tests/home.robot">
<kw name="Open And Configure Browser" library="resource" type="SETUP">
<kw name="Evaluate" library="BuiltIn">
<var>${options}</var>
<arg>sys.modules['selenium.webdriver'].ChromeOptions()</arg>
<arg>sys</arg>
<doc>Evaluates the given expression in Python and returns the result.</doc>
<msg timestamp="20231115 00:34:42.333" level="INFO">${options} = &lt;selenium.webdriver.chrome.options.Options object at 0x7f8f26655b70&gt;</msg>
<status status="PASS" starttime="20231115 00:34:42.332" endtime="20231115 00:34:42.333"/>
</kw>
<kw name="Open Browser" library="SeleniumLibrary">
<arg>browser=chrome</arg>
<arg>options=${options}</arg>
<doc>Opens a new browser instance to the optional ``url``.</doc>
<msg timestamp="20231115 00:34:42.333" level="INFO">Opening browser 'chrome' to base url 'None'.</msg>
<status status="PASS" starttime="20231115 00:34:42.333" endtime="20231115 00:34:43.161"/>
</kw>
<kw name="Set Selenium Speed" library="SeleniumLibrary">
<arg>${DELAY}</arg>
<doc>Sets the delay that is waited after each Selenium command.</doc>
<status status="PASS" starttime="20231115 00:34:43.161" endtime="20231115 00:34:43.162"/>
</kw>
<status status="PASS" starttime="20231115 00:34:42.332" endtime="20231115 00:34:43.162"/>
</kw>
<test id="s1-s1-t1" name="Click Login Link" line="8">
<kw name="Go To Main Page" library="resource" type="SETUP">
<kw name="Go To" library="SeleniumLibrary">
<arg>${HOME_URL}</arg>
<doc>Navigates the current browser window to the provided ``url``.</doc>
<msg timestamp="20231115 00:34:43.163" level="INFO">Opening url 'http://localhost:5001'</msg>
<status status="PASS" starttime="20231115 00:34:43.162" endtime="20231115 00:34:43.243"/>
</kw>
<status status="PASS" starttime="20231115 00:34:43.162" endtime="20231115 00:34:43.243"/>
</kw>
<kw name="Click Link" library="SeleniumLibrary">
<arg>Login</arg>
<doc>Clicks a link identified by ``locator``.</doc>
<msg timestamp="20231115 00:34:43.244" level="INFO">Clicking link 'Login'.</msg>
<status status="PASS" starttime="20231115 00:34:43.243" endtime="20231115 00:34:43.294"/>
</kw>
<kw name="Login Page Should Be Open" library="resource">
<kw name="Title Should Be" library="SeleniumLibrary">
<arg>Login</arg>
<doc>Verifies that the current page title equals ``title``.</doc>
<msg timestamp="20231115 00:34:43.299" level="INFO">Page title is 'Login'.</msg>
<status status="PASS" starttime="20231115 00:34:43.295" endtime="20231115 00:34:43.299"/>
</kw>
<status status="PASS" starttime="20231115 00:34:43.294" endtime="20231115 00:34:43.299"/>
</kw>
<status status="PASS" starttime="20231115 00:34:43.162" endtime="20231115 00:34:43.299"/>
</test>
<test id="s1-s1-t2" name="Click Register Link" line="12">
<kw name="Go To Main Page" library="resource" type="SETUP">
<kw name="Go To" library="SeleniumLibrary">
<arg>${HOME_URL}</arg>
<doc>Navigates the current browser window to the provided ``url``.</doc>
<msg timestamp="20231115 00:34:43.300" level="INFO">Opening url 'http://localhost:5001'</msg>
<status status="PASS" starttime="20231115 00:34:43.300" endtime="20231115 00:34:43.314"/>
</kw>
<status status="PASS" starttime="20231115 00:34:43.300" endtime="20231115 00:34:43.314"/>
</kw>
<kw name="Click Link" library="SeleniumLibrary">
<arg>Register new user</arg>
<doc>Clicks a link identified by ``locator``.</doc>
<msg timestamp="20231115 00:34:43.316" level="INFO">Clicking link 'Register new user'.</msg>
<status status="PASS" starttime="20231115 00:34:43.314" endtime="20231115 00:34:43.358"/>
</kw>
<kw name="Register Page Should Be Open" library="resource">
<kw name="Title Should Be" library="SeleniumLibrary">
<arg>Register</arg>
<doc>Verifies that the current page title equals ``title``.</doc>
<msg timestamp="20231115 00:34:43.361" level="INFO">Page title is 'Register'.</msg>
<status status="PASS" starttime="20231115 00:34:43.358" endtime="20231115 00:34:43.361"/>
</kw>
<status status="PASS" starttime="20231115 00:34:43.358" endtime="20231115 00:34:43.361"/>
</kw>
<status status="PASS" starttime="20231115 00:34:43.300" endtime="20231115 00:34:43.361"/>
</test>
<kw name="Close Browser" library="SeleniumLibrary" type="TEARDOWN">
<doc>Closes the current browser.</doc>
<status status="PASS" starttime="20231115 00:34:43.361" endtime="20231115 00:34:43.420"/>
</kw>
<status status="PASS" starttime="20231115 00:34:42.240" endtime="20231115 00:34:43.420"/>
</suite>
<suite id="s1-s2" name="Login" source="/home/sarmiina/Documents/projects/ohtu-palautusrepo/viikko3/web-login/src/tests/login.robot">
<kw name="Open And Configure Browser" library="resource" type="SETUP">
<kw name="Evaluate" library="BuiltIn">
<var>${options}</var>
<arg>sys.modules['selenium.webdriver'].ChromeOptions()</arg>
<arg>sys</arg>
<doc>Evaluates the given expression in Python and returns the result.</doc>
<msg timestamp="20231115 00:34:43.430" level="INFO">${options} = &lt;selenium.webdriver.chrome.options.Options object at 0x7f8f26657e20&gt;</msg>
<status status="PASS" starttime="20231115 00:34:43.429" endtime="20231115 00:34:43.430"/>
</kw>
<kw name="Open Browser" library="SeleniumLibrary">
<arg>browser=chrome</arg>
<arg>options=${options}</arg>
<doc>Opens a new browser instance to the optional ``url``.</doc>
<msg timestamp="20231115 00:34:43.431" level="INFO">Opening browser 'chrome' to base url 'None'.</msg>
<status status="PASS" starttime="20231115 00:34:43.430" endtime="20231115 00:34:44.270"/>
</kw>
<kw name="Set Selenium Speed" library="SeleniumLibrary">
<arg>${DELAY}</arg>
<doc>Sets the delay that is waited after each Selenium command.</doc>
<status status="PASS" starttime="20231115 00:34:44.270" endtime="20231115 00:34:44.271"/>
</kw>
<status status="PASS" starttime="20231115 00:34:43.429" endtime="20231115 00:34:44.271"/>
</kw>
<test id="s1-s2-t1" name="Login With Correct Credentials" line="9">
<kw name="Create User And Go To Login Page" library="login_resource" type="SETUP">
<kw name="Create User" library="AppLibrary">
<arg>kalle</arg>
<arg>kalle123</arg>
<status status="PASS" starttime="20231115 00:34:44.271" endtime="20231115 00:34:44.277"/>
</kw>
<kw name="Go To Login Page" library="resource">
<kw name="Go To" library="SeleniumLibrary">
<arg>${LOGIN_URL}</arg>
<doc>Navigates the current browser window to the provided ``url``.</doc>
<msg timestamp="20231115 00:34:44.277" level="INFO">Opening url 'http://localhost:5001/login'</msg>
<status status="PASS" starttime="20231115 00:34:44.277" endtime="20231115 00:34:44.336"/>
</kw>
<status status="PASS" starttime="20231115 00:34:44.277" endtime="20231115 00:34:44.336"/>
</kw>
<kw name="Login Page Should Be Open" library="resource">
<kw name="Title Should Be" library="SeleniumLibrary">
<arg>Login</arg>
<doc>Verifies that the current page title equals ``title``.</doc>
<msg timestamp="20231115 00:34:44.342" level="INFO">Page title is 'Login'.</msg>
<status status="PASS" starttime="20231115 00:34:44.337" endtime="20231115 00:34:44.342"/>
</kw>
<status status="PASS" starttime="20231115 00:34:44.337" endtime="20231115 00:34:44.342"/>
</kw>
<status status="PASS" starttime="20231115 00:34:44.271" endtime="20231115 00:34:44.342"/>
</kw>
<kw name="Set Username" library="login_resource">
<arg>kalle</arg>
<kw name="Input Text" library="SeleniumLibrary">
<arg>username</arg>
<arg>${username}</arg>
<doc>Types the given ``text`` into the text field identified by ``locator``.</doc>
<msg timestamp="20231115 00:34:44.344" level="INFO">Typing text 'kalle' into text field 'username'.</msg>
<status status="PASS" starttime="20231115 00:34:44.343" endtime="20231115 00:34:44.400"/>
</kw>
<status status="PASS" starttime="20231115 00:34:44.343" endtime="20231115 00:34:44.400"/>
</kw>
<kw name="Set Password" library="login_resource">
<arg>kalle123</arg>
<kw name="Input Password" library="SeleniumLibrary">
<arg>password</arg>
<arg>${password}</arg>
<doc>Types the given password into the text field identified by ``locator``.</doc>
<msg timestamp="20231115 00:34:44.402" level="INFO">Typing password into text field 'password'.</msg>
<msg timestamp="20231115 00:34:44.422" level="INFO">Temporally setting log level to: NONE</msg>
<msg timestamp="20231115 00:34:44.442" level="INFO">Log level changed from NONE to INFO.</msg>
<status status="PASS" starttime="20231115 00:34:44.401" endtime="20231115 00:34:44.443"/>
</kw>
<status status="PASS" starttime="20231115 00:34:44.401" endtime="20231115 00:34:44.443"/>
</kw>
<kw name="Submit Credentials" library="login_resource">
<kw name="Click Button" library="SeleniumLibrary">
<arg>Login</arg>
<doc>Clicks the button identified by ``locator``.</doc>
<msg timestamp="20231115 00:34:44.443" level="INFO">Clicking button 'Login'.</msg>
<status status="PASS" starttime="20231115 00:34:44.443" endtime="20231115 00:34:44.489"/>
</kw>
<status status="PASS" starttime="20231115 00:34:44.443" endtime="20231115 00:34:44.489"/>
</kw>
<kw name="Login Should Succeed" library="login_resource">
<kw name="Main Page Should Be Open" library="resource">
<kw name="Title Should Be" library="SeleniumLibrary">
<arg>Ohtu Application main page</arg>
<doc>Verifies that the current page title equals ``title``.</doc>
<msg timestamp="20231115 00:34:44.493" level="INFO">Page title is 'Ohtu Application main page'.</msg>
<status status="PASS" starttime="20231115 00:34:44.490" endtime="20231115 00:34:44.493"/>
</kw>
<status status="PASS" starttime="20231115 00:34:44.490" endtime="20231115 00:34:44.493"/>
</kw>
<status status="PASS" starttime="20231115 00:34:44.490" endtime="20231115 00:34:44.493"/>
</kw>
<status status="PASS" starttime="20231115 00:34:44.271" endtime="20231115 00:34:44.493"/>
</test>
<test id="s1-s2-t2" name="Login With Incorrect Password" line="15">
<kw name="Create User And Go To Login Page" library="login_resource" type="SETUP">
<kw name="Create User" library="AppLibrary">
<arg>kalle</arg>
<arg>kalle123</arg>
<status status="PASS" starttime="20231115 00:34:44.494" endtime="20231115 00:34:44.500"/>
</kw>
<kw name="Go To Login Page" library="resource">
<kw name="Go To" library="SeleniumLibrary">
<arg>${LOGIN_URL}</arg>
<doc>Navigates the current browser window to the provided ``url``.</doc>
<msg timestamp="20231115 00:34:44.500" level="INFO">Opening url 'http://localhost:5001/login'</msg>
<status status="PASS" starttime="20231115 00:34:44.500" endtime="20231115 00:34:44.511"/>
</kw>
<status status="PASS" starttime="20231115 00:34:44.500" endtime="20231115 00:34:44.511"/>
</kw>
<kw name="Login Page Should Be Open" library="resource">
<kw name="Title Should Be" library="SeleniumLibrary">
<arg>Login</arg>
<doc>Verifies that the current page title equals ``title``.</doc>
<msg timestamp="20231115 00:34:44.515" level="INFO">Page title is 'Login'.</msg>
<status status="PASS" starttime="20231115 00:34:44.512" endtime="20231115 00:34:44.515"/>
</kw>
<status status="PASS" starttime="20231115 00:34:44.512" endtime="20231115 00:34:44.516"/>
</kw>
<status status="PASS" starttime="20231115 00:34:44.493" endtime="20231115 00:34:44.516"/>
</kw>
<kw name="Set Username" library="login_resource">
<arg>kalle</arg>
<kw name="Input Text" library="SeleniumLibrary">
<arg>username</arg>
<arg>${username}</arg>
<doc>Types the given ``text`` into the text field identified by ``locator``.</doc>
<msg timestamp="20231115 00:34:44.517" level="INFO">Typing text 'kalle' into text field 'username'.</msg>
<status status="PASS" starttime="20231115 00:34:44.516" endtime="20231115 00:34:44.554"/>
</kw>
<status status="PASS" starttime="20231115 00:34:44.516" endtime="20231115 00:34:44.554"/>
</kw>
<kw name="Set Password" library="login_resource">
<arg>kalle456</arg>
<kw name="Input Password" library="SeleniumLibrary">
<arg>password</arg>
<arg>${password}</arg>
<doc>Types the given password into the text field identified by ``locator``.</doc>
<msg timestamp="20231115 00:34:44.554" level="INFO">Typing password into text field 'password'.</msg>
<msg timestamp="20231115 00:34:44.570" level="INFO">Temporally setting log level to: NONE</msg>
<msg timestamp="20231115 00:34:44.591" level="INFO">Log level changed from NONE to INFO.</msg>
<status status="PASS" starttime="20231115 00:34:44.554" endtime="20231115 00:34:44.591"/>
</kw>
<status status="PASS" starttime="20231115 00:34:44.554" endtime="20231115 00:34:44.592"/>
</kw>
<kw name="Submit Credentials" library="login_resource">
<kw name="Click Button" library="SeleniumLibrary">
<arg>Login</arg>
<doc>Clicks the button identified by ``locator``.</doc>
<msg timestamp="20231115 00:34:44.592" level="INFO">Clicking button 'Login'.</msg>
<status status="PASS" starttime="20231115 00:34:44.592" endtime="20231115 00:34:44.627"/>
</kw>
<status status="PASS" starttime="20231115 00:34:44.592" endtime="20231115 00:34:44.627"/>
</kw>
<kw name="Login Should Fail With Message" library="login_resource">
<arg>Invalid username or password</arg>
<kw name="Login Page Should Be Open" library="resource">
<kw name="Title Should Be" library="SeleniumLibrary">
<arg>Login</arg>
<doc>Verifies that the current page title equals ``title``.</doc>
<msg timestamp="20231115 00:34:44.629" level="INFO">Page title is 'Login'.</msg>
<status status="PASS" starttime="20231115 00:34:44.627" endtime="20231115 00:34:44.629"/>
</kw>
<status status="PASS" starttime="20231115 00:34:44.627" endtime="20231115 00:34:44.629"/>
</kw>
<kw name="Page Should Contain" library="SeleniumLibrary">
<arg>${message}</arg>
<doc>Verifies that current page contains ``text``.</doc>
<msg timestamp="20231115 00:34:44.640" level="INFO">Current page contains text 'Invalid username or password'.</msg>
<status status="PASS" starttime="20231115 00:34:44.629" endtime="20231115 00:34:44.640"/>
</kw>
<status status="PASS" starttime="20231115 00:34:44.627" endtime="20231115 00:34:44.640"/>
</kw>
<status status="PASS" starttime="20231115 00:34:44.493" endtime="20231115 00:34:44.640"/>
</test>
<test id="s1-s2-t3" name="Login With Nonexistent Username" line="21">
<kw name="Create User And Go To Login Page" library="login_resource" type="SETUP">
<kw name="Create User" library="AppLibrary">
<arg>kalle</arg>
<arg>kalle123</arg>
<status status="PASS" starttime="20231115 00:34:44.641" endtime="20231115 00:34:44.646"/>
</kw>
<kw name="Go To Login Page" library="resource">
<kw name="Go To" library="SeleniumLibrary">
<arg>${LOGIN_URL}</arg>
<doc>Navigates the current browser window to the provided ``url``.</doc>
<msg timestamp="20231115 00:34:44.647" level="INFO">Opening url 'http://localhost:5001/login'</msg>
<status status="PASS" starttime="20231115 00:34:44.647" endtime="20231115 00:34:44.656"/>
</kw>
<status status="PASS" starttime="20231115 00:34:44.646" endtime="20231115 00:34:44.656"/>
</kw>
<kw name="Login Page Should Be Open" library="resource">
<kw name="Title Should Be" library="SeleniumLibrary">
<arg>Login</arg>
<doc>Verifies that the current page title equals ``title``.</doc>
<msg timestamp="20231115 00:34:44.659" level="INFO">Page title is 'Login'.</msg>
<status status="PASS" starttime="20231115 00:34:44.657" endtime="20231115 00:34:44.659"/>
</kw>
<status status="PASS" starttime="20231115 00:34:44.656" endtime="20231115 00:34:44.659"/>
</kw>
<status status="PASS" starttime="20231115 00:34:44.641" endtime="20231115 00:34:44.659"/>
</kw>
<kw name="Set Username" library="login_resource">
<arg>jaana</arg>
<kw name="Input Text" library="SeleniumLibrary">
<arg>username</arg>
<arg>${username}</arg>
<doc>Types the given ``text`` into the text field identified by ``locator``.</doc>
<msg timestamp="20231115 00:34:44.659" level="INFO">Typing text 'jaana' into text field 'username'.</msg>
<status status="PASS" starttime="20231115 00:34:44.659" endtime="20231115 00:34:44.696"/>
</kw>
<status status="PASS" starttime="20231115 00:34:44.659" endtime="20231115 00:34:44.696"/>
</kw>
<kw name="Set Password" library="login_resource">
<arg>jaana123</arg>
<kw name="Input Password" library="SeleniumLibrary">
<arg>password</arg>
<arg>${password}</arg>
<doc>Types the given password into the text field identified by ``locator``.</doc>
<msg timestamp="20231115 00:34:44.697" level="INFO">Typing password into text field 'password'.</msg>
<msg timestamp="20231115 00:34:44.713" level="INFO">Temporally setting log level to: NONE</msg>
<msg timestamp="20231115 00:34:44.734" level="INFO">Log level changed from NONE to INFO.</msg>
<status status="PASS" starttime="20231115 00:34:44.697" endtime="20231115 00:34:44.734"/>
</kw>
<status status="PASS" starttime="20231115 00:34:44.697" endtime="20231115 00:34:44.734"/>
</kw>
<kw name="Submit Credentials" library="login_resource">
<kw name="Click Button" library="SeleniumLibrary">
<arg>Login</arg>
<doc>Clicks the button identified by ``locator``.</doc>
<msg timestamp="20231115 00:34:44.735" level="INFO">Clicking button 'Login'.</msg>
<status status="PASS" starttime="20231115 00:34:44.735" endtime="20231115 00:34:44.771"/>
</kw>
<status status="PASS" starttime="20231115 00:34:44.734" endtime="20231115 00:34:44.771"/>
</kw>
<kw name="Login Should Fail With Message" library="login_resource">
<arg>Invalid username or password</arg>
<kw name="Login Page Should Be Open" library="resource">
<kw name="Title Should Be" library="SeleniumLibrary">
<arg>Login</arg>
<doc>Verifies that the current page title equals ``title``.</doc>
<msg timestamp="20231115 00:34:44.775" level="INFO">Page title is 'Login'.</msg>
<status status="PASS" starttime="20231115 00:34:44.772" endtime="20231115 00:34:44.775"/>
</kw>
<status status="PASS" starttime="20231115 00:34:44.772" endtime="20231115 00:34:44.775"/>
</kw>
<kw name="Page Should Contain" library="SeleniumLibrary">
<arg>${message}</arg>
<doc>Verifies that current page contains ``text``.</doc>
<msg timestamp="20231115 00:34:44.780" level="INFO">Current page contains text 'Invalid username or password'.</msg>
<status status="PASS" starttime="20231115 00:34:44.775" endtime="20231115 00:34:44.780"/>
</kw>
<status status="PASS" starttime="20231115 00:34:44.772" endtime="20231115 00:34:44.780"/>
</kw>
<status status="PASS" starttime="20231115 00:34:44.640" endtime="20231115 00:34:44.780"/>
</test>
<kw name="Close Browser" library="SeleniumLibrary" type="TEARDOWN">
<doc>Closes the current browser.</doc>
<status status="PASS" starttime="20231115 00:34:44.781" endtime="20231115 00:34:44.844"/>
</kw>
<status status="PASS" starttime="20231115 00:34:43.421" endtime="20231115 00:34:44.844"/>
</suite>
<suite id="s1-s3" name="Register" source="/home/sarmiina/Documents/projects/ohtu-palautusrepo/viikko3/web-login/src/tests/register.robot">
<kw name="Open And Configure Browser" library="resource" type="SETUP">
<kw name="Evaluate" library="BuiltIn">
<var>${options}</var>
<arg>sys.modules['selenium.webdriver'].ChromeOptions()</arg>
<arg>sys</arg>
<doc>Evaluates the given expression in Python and returns the result.</doc>
<msg timestamp="20231115 00:34:44.850" level="INFO">${options} = &lt;selenium.webdriver.chrome.options.Options object at 0x7f8f263a9180&gt;</msg>
<status status="PASS" starttime="20231115 00:34:44.850" endtime="20231115 00:34:44.850"/>
</kw>
<kw name="Open Browser" library="SeleniumLibrary">
<arg>browser=chrome</arg>
<arg>options=${options}</arg>
<doc>Opens a new browser instance to the optional ``url``.</doc>
<msg timestamp="20231115 00:34:44.850" level="INFO">Opening browser 'chrome' to base url 'None'.</msg>
<status status="PASS" starttime="20231115 00:34:44.850" endtime="20231115 00:34:45.706"/>
</kw>
<kw name="Set Selenium Speed" library="SeleniumLibrary">
<arg>${DELAY}</arg>
<doc>Sets the delay that is waited after each Selenium command.</doc>
<status status="PASS" starttime="20231115 00:34:45.706" endtime="20231115 00:34:45.706"/>
</kw>
<status status="PASS" starttime="20231115 00:34:44.849" endtime="20231115 00:34:45.706"/>
</kw>
<test id="s1-s3-t1" name="Register With Valid Username And Password" line="9">
<kw name="Go To Register Page" library="resource" type="SETUP">
<kw name="Go To" library="SeleniumLibrary">
<arg>${REGISTER_URL}</arg>
<doc>Navigates the current browser window to the provided ``url``.</doc>
<msg timestamp="20231115 00:34:45.707" level="INFO">Opening url 'http://localhost:5001/register'</msg>
<status status="PASS" starttime="20231115 00:34:45.707" endtime="20231115 00:34:45.772"/>
</kw>
<status status="PASS" starttime="20231115 00:34:45.707" endtime="20231115 00:34:45.772"/>
</kw>
<kw name="Set Username">
<arg>kallekalle</arg>
<kw name="Input Text" library="SeleniumLibrary">
<arg>username</arg>
<arg>${username}</arg>
<doc>Types the given ``text`` into the text field identified by ``locator``.</doc>
<msg timestamp="20231115 00:34:45.774" level="INFO">Typing text 'kallekalle' into text field 'username'.</msg>
<status status="PASS" starttime="20231115 00:34:45.773" endtime="20231115 00:34:45.833"/>
</kw>
<status status="PASS" starttime="20231115 00:34:45.773" endtime="20231115 00:34:45.833"/>
</kw>
<kw name="Set Password">
<arg>kalle123</arg>
<kw name="Input Password" library="SeleniumLibrary">
<arg>password</arg>
<arg>${password}</arg>
<doc>Types the given password into the text field identified by ``locator``.</doc>
<msg timestamp="20231115 00:34:45.834" level="INFO">Typing password into text field 'password'.</msg>
<msg timestamp="20231115 00:34:45.853" level="INFO">Temporally setting log level to: NONE</msg>
<msg timestamp="20231115 00:34:45.876" level="INFO">Log level changed from NONE to INFO.</msg>
<status status="PASS" starttime="20231115 00:34:45.833" endtime="20231115 00:34:45.876"/>
</kw>
<status status="PASS" starttime="20231115 00:34:45.833" endtime="20231115 00:34:45.876"/>
</kw>
<kw name="Set Password Confirmation">
<arg>kalle123</arg>
<kw name="Input Password" library="SeleniumLibrary">
<arg>password_confirmation</arg>
<arg>${password}</arg>
<doc>Types the given password into the text field identified by ``locator``.</doc>
<msg timestamp="20231115 00:34:45.877" level="INFO">Typing password into text field 'password_confirmation'.</msg>
<msg timestamp="20231115 00:34:45.896" level="INFO">Temporally setting log level to: NONE</msg>
<msg timestamp="20231115 00:34:45.914" level="INFO">Log level changed from NONE to INFO.</msg>
<status status="PASS" starttime="20231115 00:34:45.876" endtime="20231115 00:34:45.914"/>
</kw>
<status status="PASS" starttime="20231115 00:34:45.876" endtime="20231115 00:34:45.914"/>
</kw>
<kw name="Submit Credentials">
<kw name="Click Button" library="SeleniumLibrary">
<arg>Register</arg>
<doc>Clicks the button identified by ``locator``.</doc>
<msg timestamp="20231115 00:34:45.915" level="INFO">Clicking button 'Register'.</msg>
<status status="PASS" starttime="20231115 00:34:45.914" endtime="20231115 00:34:45.961"/>
</kw>
<status status="PASS" starttime="20231115 00:34:45.914" endtime="20231115 00:34:45.962"/>
</kw>
<kw name="Register Should Succeed">
<kw name="Welcome Page Should Be Open" library="resource">
<kw name="Title Should Be" library="SeleniumLibrary">
<arg>Welcome to Ohtu Application!</arg>
<doc>Verifies that the current page title equals ``title``.</doc>
<msg timestamp="20231115 00:34:45.965" level="INFO">Page title is 'Welcome to Ohtu Application!'.</msg>
<status status="PASS" starttime="20231115 00:34:45.962" endtime="20231115 00:34:45.965"/>
</kw>
<status status="PASS" starttime="20231115 00:34:45.962" endtime="20231115 00:34:45.965"/>
</kw>
<status status="PASS" starttime="20231115 00:34:45.962" endtime="20231115 00:34:45.965"/>
</kw>
<status status="PASS" starttime="20231115 00:34:45.706" endtime="20231115 00:34:45.965"/>
</test>
<test id="s1-s3-t2" name="Register With Too Short Username And Valid Password" line="16">
<kw name="Go To Register Page" library="resource" type="SETUP">
<kw name="Go To" library="SeleniumLibrary">
<arg>${REGISTER_URL}</arg>
<doc>Navigates the current browser window to the provided ``url``.</doc>
<msg timestamp="20231115 00:34:45.966" level="INFO">Opening url 'http://localhost:5001/register'</msg>
<status status="PASS" starttime="20231115 00:34:45.966" endtime="20231115 00:34:45.979"/>
</kw>
<status status="PASS" starttime="20231115 00:34:45.966" endtime="20231115 00:34:45.979"/>
</kw>
<kw name="Set Username">
<arg>k</arg>
<kw name="Input Text" library="SeleniumLibrary">
<arg>username</arg>
<arg>${username}</arg>
<doc>Types the given ``text`` into the text field identified by ``locator``.</doc>
<msg timestamp="20231115 00:34:45.980" level="INFO">Typing text 'k' into text field 'username'.</msg>
<status status="PASS" starttime="20231115 00:34:45.980" endtime="20231115 00:34:46.017"/>
</kw>
<status status="PASS" starttime="20231115 00:34:45.979" endtime="20231115 00:34:46.017"/>
</kw>
<kw name="Set Password">
<arg>kalle123</arg>
<kw name="Input Password" library="SeleniumLibrary">
<arg>password</arg>
<arg>${password}</arg>
<doc>Types the given password into the text field identified by ``locator``.</doc>
<msg timestamp="20231115 00:34:46.028" level="INFO">Typing password into text field 'password'.</msg>
<msg timestamp="20231115 00:34:46.046" level="INFO">Temporally setting log level to: NONE</msg>
<msg timestamp="20231115 00:34:46.066" level="INFO">Log level changed from NONE to INFO.</msg>
<status status="PASS" starttime="20231115 00:34:46.018" endtime="20231115 00:34:46.066"/>
</kw>
<status status="PASS" starttime="20231115 00:34:46.018" endtime="20231115 00:34:46.066"/>
</kw>
<kw name="Set Password Confirmation">
<arg>kalle123</arg>
<kw name="Input Password" library="SeleniumLibrary">
<arg>password_confirmation</arg>
<arg>${password}</arg>
<doc>Types the given password into the text field identified by ``locator``.</doc>
<msg timestamp="20231115 00:34:46.067" level="INFO">Typing password into text field 'password_confirmation'.</msg>
<msg timestamp="20231115 00:34:46.083" level="INFO">Temporally setting log level to: NONE</msg>
<msg timestamp="20231115 00:34:46.104" level="INFO">Log level changed from NONE to INFO.</msg>
<status status="PASS" starttime="20231115 00:34:46.067" endtime="20231115 00:34:46.105"/>
</kw>
<status status="PASS" starttime="20231115 00:34:46.067" endtime="20231115 00:34:46.105"/>
</kw>
<kw name="Submit Credentials">
<kw name="Click Button" library="SeleniumLibrary">
<arg>Register</arg>
<doc>Clicks the button identified by ``locator``.</doc>
<msg timestamp="20231115 00:34:46.105" level="INFO">Clicking button 'Register'.</msg>
<status status="PASS" starttime="20231115 00:34:46.105" endtime="20231115 00:34:46.143"/>
</kw>
<status status="PASS" starttime="20231115 00:34:46.105" endtime="20231115 00:34:46.143"/>
</kw>
<kw name="Register Should Fail With Message">
<arg>Username is invalid</arg>
<kw name="Register Page Should Be Open" library="resource">
<kw name="Title Should Be" library="SeleniumLibrary">
<arg>Register</arg>
<doc>Verifies that the current page title equals ``title``.</doc>
<msg timestamp="20231115 00:34:46.145" level="INFO">Page title is 'Register'.</msg>
<status status="PASS" starttime="20231115 00:34:46.143" endtime="20231115 00:34:46.145"/>
</kw>
<status status="PASS" starttime="20231115 00:34:46.143" endtime="20231115 00:34:46.145"/>
</kw>
<kw name="Page Should Contain" library="SeleniumLibrary">
<arg>${message}</arg>
<doc>Verifies that current page contains ``text``.</doc>
<msg timestamp="20231115 00:34:46.154" level="INFO">Current page contains text 'Username is invalid'.</msg>
<status status="PASS" starttime="20231115 00:34:46.145" endtime="20231115 00:34:46.154"/>
</kw>
<status status="PASS" starttime="20231115 00:34:46.143" endtime="20231115 00:34:46.154"/>
</kw>
<status status="PASS" starttime="20231115 00:34:45.966" endtime="20231115 00:34:46.154"/>
</test>
<test id="s1-s3-t3" name="Register With Valid Username And Invalid Password" line="23">
<kw name="Go To Register Page" library="resource" type="SETUP">
<kw name="Go To" library="SeleniumLibrary">
<arg>${REGISTER_URL}</arg>
<doc>Navigates the current browser window to the provided ``url``.</doc>
<msg timestamp="20231115 00:34:46.156" level="INFO">Opening url 'http://localhost:5001/register'</msg>
<status status="PASS" starttime="20231115 00:34:46.156" endtime="20231115 00:34:46.166"/>
</kw>
<status status="PASS" starttime="20231115 00:34:46.156" endtime="20231115 00:34:46.166"/>
</kw>
<kw name="Set Username">
<arg>kaija</arg>
<kw name="Input Text" library="SeleniumLibrary">
<arg>username</arg>
<arg>${username}</arg>
<doc>Types the given ``text`` into the text field identified by ``locator``.</doc>
<msg timestamp="20231115 00:34:46.167" level="INFO">Typing text 'kaija' into text field 'username'.</msg>
<status status="PASS" starttime="20231115 00:34:46.166" endtime="20231115 00:34:46.206"/>
</kw>
<status status="PASS" starttime="20231115 00:34:46.166" endtime="20231115 00:34:46.206"/>
</kw>
<kw name="Set Password">
<arg>kalle</arg>
<kw name="Input Password" library="SeleniumLibrary">
<arg>password</arg>
<arg>${password}</arg>
<doc>Types the given password into the text field identified by ``locator``.</doc>
<msg timestamp="20231115 00:34:46.206" level="INFO">Typing password into text field 'password'.</msg>
<msg timestamp="20231115 00:34:46.222" level="INFO">Temporally setting log level to: NONE</msg>
<msg timestamp="20231115 00:34:46.242" level="INFO">Log level changed from NONE to INFO.</msg>
<status status="PASS" starttime="20231115 00:34:46.206" endtime="20231115 00:34:46.242"/>
</kw>
<status status="PASS" starttime="20231115 00:34:46.206" endtime="20231115 00:34:46.242"/>
</kw>
<kw name="Set Password Confirmation">
<arg>kalle</arg>
<kw name="Input Password" library="SeleniumLibrary">
<arg>password_confirmation</arg>
<arg>${password}</arg>
<doc>Types the given password into the text field identified by ``locator``.</doc>
<msg timestamp="20231115 00:34:46.242" level="INFO">Typing password into text field 'password_confirmation'.</msg>
<msg timestamp="20231115 00:34:46.258" level="INFO">Temporally setting log level to: NONE</msg>
<msg timestamp="20231115 00:34:46.278" level="INFO">Log level changed from NONE to INFO.</msg>
<status status="PASS" starttime="20231115 00:34:46.242" endtime="20231115 00:34:46.278"/>
</kw>
<status status="PASS" starttime="20231115 00:34:46.242" endtime="20231115 00:34:46.278"/>
</kw>
<kw name="Submit Credentials">
<kw name="Click Button" library="SeleniumLibrary">
<arg>Register</arg>
<doc>Clicks the button identified by ``locator``.</doc>
<msg timestamp="20231115 00:34:46.279" level="INFO">Clicking button 'Register'.</msg>
<status status="PASS" starttime="20231115 00:34:46.278" endtime="20231115 00:34:46.313"/>
</kw>
<status status="PASS" starttime="20231115 00:34:46.278" endtime="20231115 00:34:46.313"/>
</kw>
<kw name="Register Should Fail With Message">
<arg>Password is invalid</arg>
<kw name="Register Page Should Be Open" library="resource">
<kw name="Title Should Be" library="SeleniumLibrary">
<arg>Register</arg>
<doc>Verifies that the current page title equals ``title``.</doc>
<msg timestamp="20231115 00:34:46.316" level="INFO">Page title is 'Register'.</msg>
<status status="PASS" starttime="20231115 00:34:46.314" endtime="20231115 00:34:46.316"/>
</kw>
<status status="PASS" starttime="20231115 00:34:46.313" endtime="20231115 00:34:46.316"/>
</kw>
<kw name="Page Should Contain" library="SeleniumLibrary">
<arg>${message}</arg>
<doc>Verifies that current page contains ``text``.</doc>
<msg timestamp="20231115 00:34:46.327" level="INFO">Current page contains text 'Password is invalid'.</msg>
<status status="PASS" starttime="20231115 00:34:46.316" endtime="20231115 00:34:46.327"/>
</kw>
<status status="PASS" starttime="20231115 00:34:46.313" endtime="20231115 00:34:46.327"/>
</kw>
<status status="PASS" starttime="20231115 00:34:46.155" endtime="20231115 00:34:46.327"/>
</test>
<test id="s1-s3-t4" name="Register With Nonmatching Password And Password Confirmation" line="31">
<kw name="Go To Register Page" library="resource" type="SETUP">
<kw name="Go To" library="SeleniumLibrary">
<arg>${REGISTER_URL}</arg>
<doc>Navigates the current browser window to the provided ``url``.</doc>
<msg timestamp="20231115 00:34:46.329" level="INFO">Opening url 'http://localhost:5001/register'</msg>
<status status="PASS" starttime="20231115 00:34:46.329" endtime="20231115 00:34:46.340"/>
</kw>
<status status="PASS" starttime="20231115 00:34:46.328" endtime="20231115 00:34:46.340"/>
</kw>
<kw name="Set Username">
<arg>kalleka</arg>
<kw name="Input Text" library="SeleniumLibrary">
<arg>username</arg>
<arg>${username}</arg>
<doc>Types the given ``text`` into the text field identified by ``locator``.</doc>
<msg timestamp="20231115 00:34:46.341" level="INFO">Typing text 'kalleka' into text field 'username'.</msg>
<status status="PASS" starttime="20231115 00:34:46.341" endtime="20231115 00:34:46.378"/>
</kw>
<status status="PASS" starttime="20231115 00:34:46.340" endtime="20231115 00:34:46.378"/>
</kw>
<kw name="Set Password">
<arg>kalle123</arg>
<kw name="Input Password" library="SeleniumLibrary">
<arg>password</arg>
<arg>${password}</arg>
<doc>Types the given password into the text field identified by ``locator``.</doc>
<msg timestamp="20231115 00:34:46.379" level="INFO">Typing password into text field 'password'.</msg>
<msg timestamp="20231115 00:34:46.399" level="INFO">Temporally setting log level to: NONE</msg>
<msg timestamp="20231115 00:34:46.420" level="INFO">Log level changed from NONE to INFO.</msg>
<status status="PASS" starttime="20231115 00:34:46.378" endtime="20231115 00:34:46.420"/>
</kw>
<status status="PASS" starttime="20231115 00:34:46.378" endtime="20231115 00:34:46.420"/>
</kw>
<kw name="Set Password Confirmation">
<arg>kalle456</arg>
<kw name="Input Password" library="SeleniumLibrary">
<arg>password_confirmation</arg>
<arg>${password}</arg>
<doc>Types the given password into the text field identified by ``locator``.</doc>
<msg timestamp="20231115 00:34:46.421" level="INFO">Typing password into text field 'password_confirmation'.</msg>
<msg timestamp="20231115 00:34:46.436" level="INFO">Temporally setting log level to: NONE</msg>
<msg timestamp="20231115 00:34:46.457" level="INFO">Log level changed from NONE to INFO.</msg>
<status status="PASS" starttime="20231115 00:34:46.420" endtime="20231115 00:34:46.457"/>
</kw>
<status status="PASS" starttime="20231115 00:34:46.420" endtime="20231115 00:34:46.457"/>
</kw>
<kw name="Submit Credentials">
<kw name="Click Button" library="SeleniumLibrary">
<arg>Register</arg>
<doc>Clicks the button identified by ``locator``.</doc>
<msg timestamp="20231115 00:34:46.457" level="INFO">Clicking button 'Register'.</msg>
<status status="PASS" starttime="20231115 00:34:46.457" endtime="20231115 00:34:46.493"/>
</kw>
<status status="PASS" starttime="20231115 00:34:46.457" endtime="20231115 00:34:46.493"/>
</kw>
<kw name="Register Should Fail With Message">
<arg>Password doesn't match confirmation</arg>
<kw name="Register Page Should Be Open" library="resource">
<kw name="Title Should Be" library="SeleniumLibrary">
<arg>Register</arg>
<doc>Verifies that the current page title equals ``title``.</doc>
<msg timestamp="20231115 00:34:46.495" level="INFO">Page title is 'Register'.</msg>
<status status="PASS" starttime="20231115 00:34:46.493" endtime="20231115 00:34:46.496"/>
</kw>
<status status="PASS" starttime="20231115 00:34:46.493" endtime="20231115 00:34:46.496"/>
</kw>
<kw name="Page Should Contain" library="SeleniumLibrary">
<arg>${message}</arg>
<doc>Verifies that current page contains ``text``.</doc>
<msg timestamp="20231115 00:34:46.505" level="INFO">Current page contains text 'Password doesn't match confirmation'.</msg>
<status status="PASS" starttime="20231115 00:34:46.496" endtime="20231115 00:34:46.505"/>
</kw>
<status status="PASS" starttime="20231115 00:34:46.493" endtime="20231115 00:34:46.505"/>
</kw>
<status status="PASS" starttime="20231115 00:34:46.328" endtime="20231115 00:34:46.505"/>
</test>
<test id="s1-s3-t5" name="Register With Existing Username And Valid Password" line="38">
<kw name="Go To Register Page" library="resource" type="SETUP">
<kw name="Go To" library="SeleniumLibrary">
<arg>${REGISTER_URL}</arg>
<doc>Navigates the current browser window to the provided ``url``.</doc>
<msg timestamp="20231115 00:34:46.506" level="INFO">Opening url 'http://localhost:5001/register'</msg>
<status status="PASS" starttime="20231115 00:34:46.506" endtime="20231115 00:34:46.516"/>
</kw>
<status status="PASS" starttime="20231115 00:34:46.506" endtime="20231115 00:34:46.516"/>
</kw>
<kw name="Set Username">
<arg>kallekalle</arg>
<kw name="Input Text" library="SeleniumLibrary">
<arg>username</arg>
<arg>${username}</arg>
<doc>Types the given ``text`` into the text field identified by ``locator``.</doc>
<msg timestamp="20231115 00:34:46.516" level="INFO">Typing text 'kallekalle' into text field 'username'.</msg>
<status status="PASS" starttime="20231115 00:34:46.516" endtime="20231115 00:34:46.555"/>
</kw>
<status status="PASS" starttime="20231115 00:34:46.516" endtime="20231115 00:34:46.555"/>
</kw>
<kw name="Set Password">
<arg>kalle123</arg>
<kw name="Input Password" library="SeleniumLibrary">
<arg>password</arg>
<arg>${password}</arg>
<doc>Types the given password into the text field identified by ``locator``.</doc>
<msg timestamp="20231115 00:34:46.555" level="INFO">Typing password into text field 'password'.</msg>
<msg timestamp="20231115 00:34:46.571" level="INFO">Temporally setting log level to: NONE</msg>
<msg timestamp="20231115 00:34:46.592" level="INFO">Log level changed from NONE to INFO.</msg>
<status status="PASS" starttime="20231115 00:34:46.555" endtime="20231115 00:34:46.593"/>
</kw>
<status status="PASS" starttime="20231115 00:34:46.555" endtime="20231115 00:34:46.593"/>
</kw>
<kw name="Set Password Confirmation">
<arg>kalle123</arg>
<kw name="Input Password" library="SeleniumLibrary">
<arg>password_confirmation</arg>
<arg>${password}</arg>
<doc>Types the given password into the text field identified by ``locator``.</doc>
<msg timestamp="20231115 00:34:46.593" level="INFO">Typing password into text field 'password_confirmation'.</msg>
<msg timestamp="20231115 00:34:46.610" level="INFO">Temporally setting log level to: NONE</msg>
<msg timestamp="20231115 00:34:46.631" level="INFO">Log level changed from NONE to INFO.</msg>
<status status="PASS" starttime="20231115 00:34:46.593" endtime="20231115 00:34:46.631"/>
</kw>
<status status="PASS" starttime="20231115 00:34:46.593" endtime="20231115 00:34:46.631"/>
</kw>
<kw name="Submit Credentials">
<kw name="Click Button" library="SeleniumLibrary">
<arg>Register</arg>
<doc>Clicks the button identified by ``locator``.</doc>
<msg timestamp="20231115 00:34:46.631" level="INFO">Clicking button 'Register'.</msg>
<status status="PASS" starttime="20231115 00:34:46.631" endtime="20231115 00:34:46.667"/>
</kw>
<status status="PASS" starttime="20231115 00:34:46.631" endtime="20231115 00:34:46.667"/>
</kw>
<kw name="Register Should Fail With Message">
<arg>User with username kallekalle already exist</arg>
<kw name="Register Page Should Be Open" library="resource">
<kw name="Title Should Be" library="SeleniumLibrary">
<arg>Register</arg>
<doc>Verifies that the current page title equals ``title``.</doc>
<msg timestamp="20231115 00:34:46.672" level="INFO">Page title is 'Register'.</msg>
<status status="PASS" starttime="20231115 00:34:46.667" endtime="20231115 00:34:46.672"/>
</kw>
<status status="PASS" starttime="20231115 00:34:46.667" endtime="20231115 00:34:46.672"/>
</kw>
<kw name="Page Should Contain" library="SeleniumLibrary">
<arg>${message}</arg>
<doc>Verifies that current page contains ``text``.</doc>
<msg timestamp="20231115 00:34:46.681" level="INFO">Current page contains text 'User with username kallekalle already exist'.</msg>
<status status="PASS" starttime="20231115 00:34:46.673" endtime="20231115 00:34:46.681"/>
</kw>
<status status="PASS" starttime="20231115 00:34:46.667" endtime="20231115 00:34:46.681"/>
</kw>
<status status="PASS" starttime="20231115 00:34:46.505" endtime="20231115 00:34:46.681"/>
</test>
<test id="s1-s3-t6" name="Login After Successful Registration" line="46">
<kw name="Go To Register Page" library="resource" type="SETUP">
<kw name="Go To" library="SeleniumLibrary">
<arg>${REGISTER_URL}</arg>
<doc>Navigates the current browser window to the provided ``url``.</doc>
<msg timestamp="20231115 00:34:46.682" level="INFO">Opening url 'http://localhost:5001/register'</msg>
<status status="PASS" starttime="20231115 00:34:46.682" endtime="20231115 00:34:46.692"/>
</kw>
<status status="PASS" starttime="20231115 00:34:46.681" endtime="20231115 00:34:46.692"/>
</kw>
<kw name="Set Username">
<arg>kissa</arg>
<kw name="Input Text" library="SeleniumLibrary">
<arg>username</arg>
<arg>${username}</arg>
<doc>Types the given ``text`` into the text field identified by ``locator``.</doc>
<msg timestamp="20231115 00:34:46.693" level="INFO">Typing text 'kissa' into text field 'username'.</msg>
<status status="PASS" starttime="20231115 00:34:46.693" endtime="20231115 00:34:46.731"/>
</kw>
<status status="PASS" starttime="20231115 00:34:46.693" endtime="20231115 00:34:46.731"/>
</kw>
<kw name="Set Password">
<arg>kissa123</arg>
<kw name="Input Password" library="SeleniumLibrary">
<arg>password</arg>
<arg>${password}</arg>
<doc>Types the given password into the text field identified by ``locator``.</doc>
<msg timestamp="20231115 00:34:46.731" level="INFO">Typing password into text field 'password'.</msg>
<msg timestamp="20231115 00:34:46.748" level="INFO">Temporally setting log level to: NONE</msg>
<msg timestamp="20231115 00:34:46.769" level="INFO">Log level changed from NONE to INFO.</msg>
<status status="PASS" starttime="20231115 00:34:46.731" endtime="20231115 00:34:46.769"/>
</kw>
<status status="PASS" starttime="20231115 00:34:46.731" endtime="20231115 00:34:46.770"/>
</kw>
<kw name="Set Password Confirmation">
<arg>kissa123</arg>
<kw name="Input Password" library="SeleniumLibrary">
<arg>password_confirmation</arg>
<arg>${password}</arg>
<doc>Types the given password into the text field identified by ``locator``.</doc>
<msg timestamp="20231115 00:34:46.770" level="INFO">Typing password into text field 'password_confirmation'.</msg>
<msg timestamp="20231115 00:34:46.786" level="INFO">Temporally setting log level to: NONE</msg>
<msg timestamp="20231115 00:34:46.806" level="INFO">Log level changed from NONE to INFO.</msg>
<status status="PASS" starttime="20231115 00:34:46.770" endtime="20231115 00:34:46.806"/>
</kw>
<status status="PASS" starttime="20231115 00:34:46.770" endtime="20231115 00:34:46.806"/>
</kw>
<kw name="Submit Credentials">
<kw name="Click Button" library="SeleniumLibrary">
<arg>Register</arg>
<doc>Clicks the button identified by ``locator``.</doc>
<msg timestamp="20231115 00:34:46.807" level="INFO">Clicking button 'Register'.</msg>
<status status="PASS" starttime="20231115 00:34:46.807" endtime="20231115 00:34:46.838"/>
</kw>
<status status="PASS" starttime="20231115 00:34:46.807" endtime="20231115 00:34:46.838"/>
</kw>
<kw name="Register Should Succeed">
<kw name="Welcome Page Should Be Open" library="resource">
<kw name="Title Should Be" library="SeleniumLibrary">
<arg>Welcome to Ohtu Application!</arg>
<doc>Verifies that the current page title equals ``title``.</doc>
<msg timestamp="20231115 00:34:46.844" level="INFO">Page title is 'Welcome to Ohtu Application!'.</msg>
<status status="PASS" starttime="20231115 00:34:46.839" endtime="20231115 00:34:46.845"/>
</kw>
<status status="PASS" starttime="20231115 00:34:46.839" endtime="20231115 00:34:46.845"/>
</kw>
<status status="PASS" starttime="20231115 00:34:46.838" endtime="20231115 00:34:46.845"/>
</kw>
<kw name="Click Link" library="SeleniumLibrary">
<arg>Continue to main page</arg>
<doc>Clicks a link identified by ``locator``.</doc>
<msg timestamp="20231115 00:34:46.845" level="INFO">Clicking link 'Continue to main page'.</msg>
<status status="PASS" starttime="20231115 00:34:46.845" endtime="20231115 00:34:46.889"/>
</kw>
<kw name="Click Button" library="SeleniumLibrary">
<arg>Logout</arg>
<doc>Clicks the button identified by ``locator``.</doc>
<msg timestamp="20231115 00:34:46.890" level="INFO">Clicking button 'Logout'.</msg>
<status status="PASS" starttime="20231115 00:34:46.889" endtime="20231115 00:34:46.928"/>
</kw>
<kw name="Set Username">
<arg>kissa</arg>
<kw name="Input Text" library="SeleniumLibrary">
<arg>username</arg>
<arg>${username}</arg>
<doc>Types the given ``text`` into the text field identified by ``locator``.</doc>
<msg timestamp="20231115 00:34:46.929" level="INFO">Typing text 'kissa' into text field 'username'.</msg>
<status status="PASS" starttime="20231115 00:34:46.929" endtime="20231115 00:34:46.973"/>
</kw>
<status status="PASS" starttime="20231115 00:34:46.928" endtime="20231115 00:34:46.973"/>
</kw>
<kw name="Set Password">
<arg>kissa123</arg>
<kw name="Input Password" library="SeleniumLibrary">
<arg>password</arg>
<arg>${password}</arg>
<doc>Types the given password into the text field identified by ``locator``.</doc>
<msg timestamp="20231115 00:34:46.973" level="INFO">Typing password into text field 'password'.</msg>
<msg timestamp="20231115 00:34:46.990" level="INFO">Temporally setting log level to: NONE</msg>
<msg timestamp="20231115 00:34:47.010" level="INFO">Log level changed from NONE to INFO.</msg>
<status status="PASS" starttime="20231115 00:34:46.973" endtime="20231115 00:34:47.010"/>
</kw>
<status status="PASS" starttime="20231115 00:34:46.973" endtime="20231115 00:34:47.010"/>
</kw>
<kw name="Click Button" library="SeleniumLibrary">
<arg>Login</arg>
<doc>Clicks the button identified by ``locator``.</doc>
<msg timestamp="20231115 00:34:47.011" level="INFO">Clicking button 'Login'.</msg>
<status status="PASS" starttime="20231115 00:34:47.011" endtime="20231115 00:34:47.048"/>
</kw>
<kw name="Login Should Succeed" library="login_resource">
<kw name="Main Page Should Be Open" library="resource">
<kw name="Title Should Be" library="SeleniumLibrary">
<arg>Ohtu Application main page</arg>
<doc>Verifies that the current page title equals ``title``.</doc>
<msg timestamp="20231115 00:34:47.057" level="INFO">Page title is 'Ohtu Application main page'.</msg>
<status status="PASS" starttime="20231115 00:34:47.049" endtime="20231115 00:34:47.057"/>
</kw>
<status status="PASS" starttime="20231115 00:34:47.048" endtime="20231115 00:34:47.057"/>
</kw>
<status status="PASS" starttime="20231115 00:34:47.048" endtime="20231115 00:34:47.057"/>
</kw>
<status status="PASS" starttime="20231115 00:34:46.681" endtime="20231115 00:34:47.057"/>
</test>
<test id="s1-s3-t7" name="Login After Failed Registration" line="59">
<kw name="Go To Register Page" library="resource" type="SETUP">
<kw name="Go To" library="SeleniumLibrary">
<arg>${REGISTER_URL}</arg>
<doc>Navigates the current browser window to the provided ``url``.</doc>
<msg timestamp="20231115 00:34:47.058" level="INFO">Opening url 'http://localhost:5001/register'</msg>
<status status="PASS" starttime="20231115 00:34:47.058" endtime="20231115 00:34:47.075"/>
</kw>
<status status="PASS" starttime="20231115 00:34:47.058" endtime="20231115 00:34:47.075"/>
</kw>
<kw name="Set Username">
<arg>k</arg>
<kw name="Input Text" library="SeleniumLibrary">
<arg>username</arg>
<arg>${username}</arg>
<doc>Types the given ``text`` into the text field identified by ``locator``.</doc>
<msg timestamp="20231115 00:34:47.076" level="INFO">Typing text 'k' into text field 'username'.</msg>
<status status="PASS" starttime="20231115 00:34:47.075" endtime="20231115 00:34:47.113"/>
</kw>
<status status="PASS" starttime="20231115 00:34:47.075" endtime="20231115 00:34:47.113"/>
</kw>
<kw name="Set Password">
<arg>kalle123</arg>
<kw name="Input Password" library="SeleniumLibrary">
<arg>password</arg>
<arg>${password}</arg>
<doc>Types the given password into the text field identified by ``locator``.</doc>
<msg timestamp="20231115 00:34:47.113" level="INFO">Typing password into text field 'password'.</msg>
<msg timestamp="20231115 00:34:47.131" level="INFO">Temporally setting log level to: NONE</msg>
<msg timestamp="20231115 00:34:47.152" level="INFO">Log level changed from NONE to INFO.</msg>
<status status="PASS" starttime="20231115 00:34:47.113" endtime="20231115 00:34:47.152"/>
</kw>
<status status="PASS" starttime="20231115 00:34:47.113" endtime="20231115 00:34:47.152"/>
</kw>
<kw name="Set Password Confirmation">
<arg>kalle123</arg>
<kw name="Input Password" library="SeleniumLibrary">
<arg>password_confirmation</arg>
<arg>${password}</arg>
<doc>Types the given password into the text field identified by ``locator``.</doc>
<msg timestamp="20231115 00:34:47.153" level="INFO">Typing password into text field 'password_confirmation'.</msg>
<msg timestamp="20231115 00:34:47.170" level="INFO">Temporally setting log level to: NONE</msg>
<msg timestamp="20231115 00:34:47.190" level="INFO">Log level changed from NONE to INFO.</msg>
<status status="PASS" starttime="20231115 00:34:47.153" endtime="20231115 00:34:47.191"/>
</kw>
<status status="PASS" starttime="20231115 00:34:47.152" endtime="20231115 00:34:47.191"/>
</kw>
<kw name="Submit Credentials">
<kw name="Click Button" library="SeleniumLibrary">
<arg>Register</arg>
<doc>Clicks the button identified by ``locator``.</doc>
<msg timestamp="20231115 00:34:47.191" level="INFO">Clicking button 'Register'.</msg>
<status status="PASS" starttime="20231115 00:34:47.191" endtime="20231115 00:34:47.228"/>
</kw>
<status status="PASS" starttime="20231115 00:34:47.191" endtime="20231115 00:34:47.228"/>
</kw>
<kw name="Register Should Fail With Message">
<arg>Username is invalid</arg>
<kw name="Register Page Should Be Open" library="resource">
<kw name="Title Should Be" library="SeleniumLibrary">
<arg>Register</arg>
<doc>Verifies that the current page title equals ``title``.</doc>
<msg timestamp="20231115 00:34:47.230" level="INFO">Page title is 'Register'.</msg>
<status status="PASS" starttime="20231115 00:34:47.228" endtime="20231115 00:34:47.230"/>
</kw>
<status status="PASS" starttime="20231115 00:34:47.228" endtime="20231115 00:34:47.230"/>
</kw>
<kw name="Page Should Contain" library="SeleniumLibrary">
<arg>${message}</arg>
<doc>Verifies that current page contains ``text``.</doc>
<msg timestamp="20231115 00:34:47.240" level="INFO">Current page contains text 'Username is invalid'.</msg>
<status status="PASS" starttime="20231115 00:34:47.230" endtime="20231115 00:34:47.240"/>
</kw>
<status status="PASS" starttime="20231115 00:34:47.228" endtime="20231115 00:34:47.240"/>
</kw>
<kw name="Click Link" library="SeleniumLibrary">
<arg>Login</arg>
<doc>Clicks a link identified by ``locator``.</doc>
<msg timestamp="20231115 00:34:47.241" level="INFO">Clicking link 'Login'.</msg>
<status status="PASS" starttime="20231115 00:34:47.240" endtime="20231115 00:34:47.280"/>
</kw>
<kw name="Set Username">
<arg>k</arg>
<kw name="Input Text" library="SeleniumLibrary">
<arg>username</arg>
<arg>${username}</arg>
<doc>Types the given ``text`` into the text field identified by ``locator``.</doc>
<msg timestamp="20231115 00:34:47.281" level="INFO">Typing text 'k' into text field 'username'.</msg>
<status status="PASS" starttime="20231115 00:34:47.280" endtime="20231115 00:34:47.320"/>
</kw>
<status status="PASS" starttime="20231115 00:34:47.280" endtime="20231115 00:34:47.320"/>
</kw>
<kw name="Set Password">
<arg>kalle123</arg>
<kw name="Input Password" library="SeleniumLibrary">
<arg>password</arg>
<arg>${password}</arg>
<doc>Types the given password into the text field identified by ``locator``.</doc>
<msg timestamp="20231115 00:34:47.321" level="INFO">Typing password into text field 'password'.</msg>
<msg timestamp="20231115 00:34:47.337" level="INFO">Temporally setting log level to: NONE</msg>
<msg timestamp="20231115 00:34:47.358" level="INFO">Log level changed from NONE to INFO.</msg>
<status status="PASS" starttime="20231115 00:34:47.321" endtime="20231115 00:34:47.358"/>
</kw>
<status status="PASS" starttime="20231115 00:34:47.320" endtime="20231115 00:34:47.358"/>
</kw>
<kw name="Click Button" library="SeleniumLibrary">
<arg>Login</arg>
<doc>Clicks the button identified by ``locator``.</doc>
<msg timestamp="20231115 00:34:47.359" level="INFO">Clicking button 'Login'.</msg>
<status status="PASS" starttime="20231115 00:34:47.358" endtime="20231115 00:34:47.394"/>
</kw>
<kw name="Login Should Fail With Message" library="login_resource">
<arg>Invalid username or password</arg>
<kw name="Login Page Should Be Open" library="resource">
<kw name="Title Should Be" library="SeleniumLibrary">
<arg>Login</arg>
<doc>Verifies that the current page title equals ``title``.</doc>
<msg timestamp="20231115 00:34:47.397" level="INFO">Page title is 'Login'.</msg>
<status status="PASS" starttime="20231115 00:34:47.395" endtime="20231115 00:34:47.397"/>
</kw>
<status status="PASS" starttime="20231115 00:34:47.395" endtime="20231115 00:34:47.397"/>
</kw>
<kw name="Page Should Contain" library="SeleniumLibrary">
<arg>${message}</arg>
<doc>Verifies that current page contains ``text``.</doc>
<msg timestamp="20231115 00:34:47.406" level="INFO">Current page contains text 'Invalid username or password'.</msg>
<status status="PASS" starttime="20231115 00:34:47.397" endtime="20231115 00:34:47.406"/>
</kw>
<status status="PASS" starttime="20231115 00:34:47.394" endtime="20231115 00:34:47.406"/>
</kw>
<status status="PASS" starttime="20231115 00:34:47.058" endtime="20231115 00:34:47.406"/>
</test>
<kw name="Close Browser" library="SeleniumLibrary" type="TEARDOWN">
<doc>Closes the current browser.</doc>
<status status="PASS" starttime="20231115 00:34:47.406" endtime="20231115 00:34:47.468"/>
</kw>
<status status="PASS" starttime="20231115 00:34:44.845" endtime="20231115 00:34:47.468"/>
</suite>
<status status="PASS" starttime="20231115 00:34:42.230" endtime="20231115 00:34:47.470"/>
</suite>
<statistics>
<total>
<stat pass="12" fail="0" skip="0">All Tests</stat>
</total>
<tag>
</tag>
<suite>
<stat pass="12" fail="0" skip="0" id="s1" name="Tests">Tests</stat>
<stat pass="2" fail="0" skip="0" id="s1-s1" name="Home">Tests.Home</stat>
<stat pass="3" fail="0" skip="0" id="s1-s2" name="Login">Tests.Login</stat>
<stat pass="7" fail="0" skip="0" id="s1-s3" name="Register">Tests.Register</stat>
</suite>
</statistics>
<errors>
</errors>
</robot>
