<?xml version="1.0" encoding="UTF-8"?>
<robot generator="Robot 6.1.1 (Python 3.10.12 on linux)" generated="20231113 19:14:21.194" rpa="false" schemaversion="4">
<suite id="s1" name="Tests" source="/home/sarmiina/Documents/projects/ohtu-palautusrepo/viikko3/login-robot/src/tests">
<suite id="s1-s1" name="Login" source="/home/sarmiina/Documents/projects/ohtu-palautusrepo/viikko3/login-robot/src/tests/login.robot">
<test id="s1-s1-t1" name="Login With Correct Credentials" line="6">
<kw name="Create User And Input Login Command" type="SETUP">
<kw name="Create User" library="AppLibrary">
<arg>kalle</arg>
<arg>kalle123</arg>
<status status="PASS" starttime="20231113 19:14:21.214" endtime="20231113 19:14:21.214"/>
</kw>
<kw name="Input Login Command" library="resource">
<kw name="Input" library="AppLibrary">
<arg>login</arg>
<status status="PASS" starttime="20231113 19:14:21.215" endtime="20231113 19:14:21.215"/>
</kw>
<status status="PASS" starttime="20231113 19:14:21.214" endtime="20231113 19:14:21.215"/>
</kw>
<status status="PASS" starttime="20231113 19:14:21.214" endtime="20231113 19:14:21.215"/>
</kw>
<kw name="Input Credentials" library="resource">
<arg>kalle</arg>
<arg>kalle123</arg>
<kw name="Input" library="AppLibrary">
<arg>${username}</arg>
<status status="PASS" starttime="20231113 19:14:21.215" endtime="20231113 19:14:21.215"/>
</kw>
<kw name="Input" library="AppLibrary">
<arg>${password}</arg>
<status status="PASS" starttime="20231113 19:14:21.215" endtime="20231113 19:14:21.215"/>
</kw>
<kw name="Run Application" library="AppLibrary">
<status status="PASS" starttime="20231113 19:14:21.216" endtime="20231113 19:14:21.216"/>
</kw>
<status status="PASS" starttime="20231113 19:14:21.215" endtime="20231113 19:14:21.216"/>
</kw>
<kw name="Output Should Contain" library="AppLibrary">
<arg>Logged in</arg>
<status status="PASS" starttime="20231113 19:14:21.216" endtime="20231113 19:14:21.216"/>
</kw>
<status status="PASS" starttime="20231113 19:14:21.213" endtime="20231113 19:14:21.216"/>
</test>
<test id="s1-s1-t2" name="Login With Incorrect Password" line="10">
<kw name="Create User And Input Login Command" type="SETUP">
<kw name="Create User" library="AppLibrary">
<arg>kalle</arg>
<arg>kalle123</arg>
<status status="PASS" starttime="20231113 19:14:21.216" endtime="20231113 19:14:21.217"/>
</kw>
<kw name="Input Login Command" library="resource">
<kw name="Input" library="AppLibrary">
<arg>login</arg>
<status status="PASS" starttime="20231113 19:14:21.217" endtime="20231113 19:14:21.217"/>
</kw>
<status status="PASS" starttime="20231113 19:14:21.217" endtime="20231113 19:14:21.217"/>
</kw>
<status status="PASS" starttime="20231113 19:14:21.216" endtime="20231113 19:14:21.217"/>
</kw>
<kw name="Input Credentials" library="resource">
<arg>kalle</arg>
<arg>kalle</arg>
<kw name="Input" library="AppLibrary">
<arg>${username}</arg>
<status status="PASS" starttime="20231113 19:14:21.217" endtime="20231113 19:14:21.217"/>
</kw>
<kw name="Input" library="AppLibrary">
<arg>${password}</arg>
<status status="PASS" starttime="20231113 19:14:21.217" endtime="20231113 19:14:21.217"/>
</kw>
<kw name="Run Application" library="AppLibrary">
<status status="PASS" starttime="20231113 19:14:21.218" endtime="20231113 19:14:21.218"/>
</kw>
<status status="PASS" starttime="20231113 19:14:21.217" endtime="20231113 19:14:21.218"/>
</kw>
<kw name="Output Should Contain" library="AppLibrary">
<arg>Invalid username or password</arg>
<status status="PASS" starttime="20231113 19:14:21.218" endtime="20231113 19:14:21.218"/>
</kw>
<status status="PASS" starttime="20231113 19:14:21.216" endtime="20231113 19:14:21.218"/>
</test>
<test id="s1-s1-t3" name="Login With Nonexistent Username" line="14">
<kw name="Create User And Input Login Command" type="SETUP">
<kw name="Create User" library="AppLibrary">
<arg>kalle</arg>
<arg>kalle123</arg>
<status status="PASS" starttime="20231113 19:14:21.218" endtime="20231113 19:14:21.218"/>
</kw>
<kw name="Input Login Command" library="resource">
<kw name="Input" library="AppLibrary">
<arg>login</arg>
<status status="PASS" starttime="20231113 19:14:21.219" endtime="20231113 19:14:21.219"/>
</kw>
<status status="PASS" starttime="20231113 19:14:21.219" endtime="20231113 19:14:21.219"/>
</kw>
<status status="PASS" starttime="20231113 19:14:21.218" endtime="20231113 19:14:21.219"/>
</kw>
<kw name="Input Credentials" library="resource">
<arg>\</arg>
<arg>kalle</arg>
<kw name="Input" library="AppLibrary">
<arg>${username}</arg>
<status status="PASS" starttime="20231113 19:14:21.219" endtime="20231113 19:14:21.219"/>
</kw>
<kw name="Input" library="AppLibrary">
<arg>${password}</arg>
<status status="PASS" starttime="20231113 19:14:21.219" endtime="20231113 19:14:21.219"/>
</kw>
<kw name="Run Application" library="AppLibrary">
<status status="PASS" starttime="20231113 19:14:21.219" endtime="20231113 19:14:21.219"/>
</kw>
<status status="PASS" starttime="20231113 19:14:21.219" endtime="20231113 19:14:21.219"/>
</kw>
<kw name="Output Should Contain" library="AppLibrary">
<arg>Username and password are required</arg>
<status status="PASS" starttime="20231113 19:14:21.220" endtime="20231113 19:14:21.220"/>
</kw>
<status status="PASS" starttime="20231113 19:14:21.218" endtime="20231113 19:14:21.220"/>
</test>
<status status="PASS" starttime="20231113 19:14:21.209" endtime="20231113 19:14:21.220"/>
</suite>
<suite id="s1-s2" name="Register" source="/home/sarmiina/Documents/projects/ohtu-palautusrepo/viikko3/login-robot/src/tests/register.robot">
<test id="s1-s2-t1" name="Register With Valid Username And Password" line="7">
<kw name="Input New Command" library="resource" type="SETUP">
<kw name="Input" library="AppLibrary">
<arg>new</arg>
<status status="PASS" starttime="20231113 19:14:21.223" endtime="20231113 19:14:21.223"/>
</kw>
<status status="PASS" starttime="20231113 19:14:21.222" endtime="20231113 19:14:21.223"/>
</kw>
<kw name="Input Credentials" library="resource">
<arg>kalle</arg>
<arg>kalle123</arg>
<kw name="Input" library="AppLibrary">
<arg>${username}</arg>
<status status="PASS" starttime="20231113 19:14:21.223" endtime="20231113 19:14:21.223"/>
</kw>
<kw name="Input" library="AppLibrary">
<arg>${password}</arg>
<status status="PASS" starttime="20231113 19:14:21.223" endtime="20231113 19:14:21.223"/>
</kw>
<kw name="Run Application" library="AppLibrary">
<status status="PASS" starttime="20231113 19:14:21.223" endtime="20231113 19:14:21.223"/>
</kw>
<status status="PASS" starttime="20231113 19:14:21.223" endtime="20231113 19:14:21.224"/>
</kw>
<kw name="Output Should Contain" library="AppLibrary">
<arg>New user registered</arg>
<status status="PASS" starttime="20231113 19:14:21.224" endtime="20231113 19:14:21.224"/>
</kw>
<status status="PASS" starttime="20231113 19:14:21.222" endtime="20231113 19:14:21.224"/>
</test>
<test id="s1-s2-t2" name="Register With Already Taken Username And Valid Password" line="11">
<kw name="Input New Command" library="resource" type="SETUP">
<kw name="Input" library="AppLibrary">
<arg>new</arg>
<status status="PASS" starttime="20231113 19:14:21.224" endtime="20231113 19:14:21.224"/>
</kw>
<status status="PASS" starttime="20231113 19:14:21.224" endtime="20231113 19:14:21.225"/>
</kw>
<kw name="Input Credentials" library="resource">
<arg>kalle</arg>
<arg>kalle123</arg>
<kw name="Input" library="AppLibrary">
<arg>${username}</arg>
<status status="PASS" starttime="20231113 19:14:21.225" endtime="20231113 19:14:21.225"/>
</kw>
<kw name="Input" library="AppLibrary">
<arg>${password}</arg>
<status status="PASS" starttime="20231113 19:14:21.225" endtime="20231113 19:14:21.225"/>
</kw>
<kw name="Run Application" library="AppLibrary">
<status status="PASS" starttime="20231113 19:14:21.225" endtime="20231113 19:14:21.225"/>
</kw>
<status status="PASS" starttime="20231113 19:14:21.225" endtime="20231113 19:14:21.225"/>
</kw>
<kw name="Input New Command" library="resource">
<kw name="Input" library="AppLibrary">
<arg>new</arg>
<status status="PASS" starttime="20231113 19:14:21.225" endtime="20231113 19:14:21.225"/>
</kw>
<status status="PASS" starttime="20231113 19:14:21.225" endtime="20231113 19:14:21.226"/>
</kw>
<kw name="Input Credentials" library="resource">
<arg>kalle</arg>
<arg>kalle123</arg>
<kw name="Input" library="AppLibrary">
<arg>${username}</arg>
<status status="PASS" starttime="20231113 19:14:21.226" endtime="20231113 19:14:21.226"/>
</kw>
<kw name="Input" library="AppLibrary">
<arg>${password}</arg>
<status status="PASS" starttime="20231113 19:14:21.226" endtime="20231113 19:14:21.226"/>
</kw>
<kw name="Run Application" library="AppLibrary">
<status status="PASS" starttime="20231113 19:14:21.226" endtime="20231113 19:14:21.226"/>
</kw>
<status status="PASS" starttime="20231113 19:14:21.226" endtime="20231113 19:14:21.226"/>
</kw>
<kw name="Output Should Contain" library="AppLibrary">
<arg>User with username kalle already exists</arg>
<status status="PASS" starttime="20231113 19:14:21.226" endtime="20231113 19:14:21.227"/>
</kw>
<status status="PASS" starttime="20231113 19:14:21.224" endtime="20231113 19:14:21.227"/>
</test>
<test id="s1-s2-t3" name="Register With Too Short Username And Valid Password" line="18">
<kw name="Input New Command" library="resource" type="SETUP">
<kw name="Input" library="AppLibrary">
<arg>new</arg>
<status status="PASS" starttime="20231113 19:14:21.227" endtime="20231113 19:14:21.227"/>
</kw>
<status status="PASS" starttime="20231113 19:14:21.227" endtime="20231113 19:14:21.227"/>
</kw>
<kw name="Input Credentials" library="resource">
<arg>k</arg>
<arg>kalle123</arg>
<kw name="Input" library="AppLibrary">
<arg>${username}</arg>
<status status="PASS" starttime="20231113 19:14:21.228" endtime="20231113 19:14:21.228"/>
</kw>
<kw name="Input" library="AppLibrary">
<arg>${password}</arg>
<status status="PASS" starttime="20231113 19:14:21.228" endtime="20231113 19:14:21.228"/>
</kw>
<kw name="Run Application" library="AppLibrary">
<status status="PASS" starttime="20231113 19:14:21.228" endtime="20231113 19:14:21.228"/>
</kw>
<status status="PASS" starttime="20231113 19:14:21.227" endtime="20231113 19:14:21.228"/>
</kw>
<kw name="Output Should Contain" library="AppLibrary">
<arg>Username is too short: less than 3 characters</arg>
<status status="PASS" starttime="20231113 19:14:21.228" endtime="20231113 19:14:21.228"/>
</kw>
<status status="PASS" starttime="20231113 19:14:21.227" endtime="20231113 19:14:21.228"/>
</test>
<test id="s1-s2-t4" name="Register With Enough Long But Invald Username And Valid Password" line="22">
<kw name="Input New Command" library="resource" type="SETUP">
<kw name="Input" library="AppLibrary">
<arg>new</arg>
<status status="PASS" starttime="20231113 19:14:21.229" endtime="20231113 19:14:21.229"/>
</kw>
<status status="PASS" starttime="20231113 19:14:21.229" endtime="20231113 19:14:21.229"/>
</kw>
<kw name="Input Credentials" library="resource">
<arg>kalle1</arg>
<arg>kalle123</arg>
<kw name="Input" library="AppLibrary">
<arg>${username}</arg>
<status status="PASS" starttime="20231113 19:14:21.229" endtime="20231113 19:14:21.229"/>
</kw>
<kw name="Input" library="AppLibrary">
<arg>${password}</arg>
<status status="PASS" starttime="20231113 19:14:21.229" endtime="20231113 19:14:21.230"/>
</kw>
<kw name="Run Application" library="AppLibrary">
<status status="PASS" starttime="20231113 19:14:21.230" endtime="20231113 19:14:21.230"/>
</kw>
<status status="PASS" starttime="20231113 19:14:21.229" endtime="20231113 19:14:21.230"/>
</kw>
<kw name="Output Should Contain" library="AppLibrary">
<arg>Username is invalid: not using only a-z</arg>
<status status="PASS" starttime="20231113 19:14:21.230" endtime="20231113 19:14:21.230"/>
</kw>
<status status="PASS" starttime="20231113 19:14:21.228" endtime="20231113 19:14:21.230"/>
</test>
<test id="s1-s2-t5" name="Register With Valid Username And Too Short Password" line="26">
<kw name="Input New Command" library="resource" type="SETUP">
<kw name="Input" library="AppLibrary">
<arg>new</arg>
<status status="PASS" starttime="20231113 19:14:21.230" endtime="20231113 19:14:21.231"/>
</kw>
<status status="PASS" starttime="20231113 19:14:21.230" endtime="20231113 19:14:21.231"/>
</kw>
<kw name="Input Credentials" library="resource">
<arg>kalle</arg>
<arg>kalle1</arg>
<kw name="Input" library="AppLibrary">
<arg>${username}</arg>
<status status="PASS" starttime="20231113 19:14:21.231" endtime="20231113 19:14:21.231"/>
</kw>
<kw name="Input" library="AppLibrary">
<arg>${password}</arg>
<status status="PASS" starttime="20231113 19:14:21.231" endtime="20231113 19:14:21.231"/>
</kw>
<kw name="Run Application" library="AppLibrary">
<status status="PASS" starttime="20231113 19:14:21.231" endtime="20231113 19:14:21.231"/>
</kw>
<status status="PASS" starttime="20231113 19:14:21.231" endtime="20231113 19:14:21.231"/>
</kw>
<kw name="Output Should Contain" library="AppLibrary">
<arg>Password too short: less than 8 chars</arg>
<status status="PASS" starttime="20231113 19:14:21.231" endtime="20231113 19:14:21.231"/>
</kw>
<status status="PASS" starttime="20231113 19:14:21.230" endtime="20231113 19:14:21.232"/>
</test>
<test id="s1-s2-t6" name="Register With Valid Username And Long Enough Password Containing Only Letters" line="30">
<kw name="Input New Command" library="resource" type="SETUP">
<kw name="Input" library="AppLibrary">
<arg>new</arg>
<status status="PASS" starttime="20231113 19:14:21.232" endtime="20231113 19:14:21.232"/>
</kw>
<status status="PASS" starttime="20231113 19:14:21.232" endtime="20231113 19:14:21.232"/>
</kw>
<kw name="Input Credentials" library="resource">
<arg>kalle</arg>
<arg>kallekalle</arg>
<kw name="Input" library="AppLibrary">
<arg>${username}</arg>
<status status="PASS" starttime="20231113 19:14:21.233" endtime="20231113 19:14:21.233"/>
</kw>
<kw name="Input" library="AppLibrary">
<arg>${password}</arg>
<status status="PASS" starttime="20231113 19:14:21.233" endtime="20231113 19:14:21.233"/>
</kw>
<kw name="Run Application" library="AppLibrary">
<status status="PASS" starttime="20231113 19:14:21.233" endtime="20231113 19:14:21.233"/>
</kw>
<status status="PASS" starttime="20231113 19:14:21.232" endtime="20231113 19:14:21.233"/>
</kw>
<kw name="Output Should Contain" library="AppLibrary">
<arg>Password invalid: should not contain only a-z</arg>
<status status="PASS" starttime="20231113 19:14:21.233" endtime="20231113 19:14:21.233"/>
</kw>
<status status="PASS" starttime="20231113 19:14:21.232" endtime="20231113 19:14:21.233"/>
</test>
<status status="PASS" starttime="20231113 19:14:21.220" endtime="20231113 19:14:21.234"/>
</suite>
<status status="PASS" starttime="20231113 19:14:21.195" endtime="20231113 19:14:21.234"/>
</suite>
<statistics>
<total>
<stat pass="9" fail="0" skip="0">All Tests</stat>
</total>
<tag>
</tag>
<suite>
<stat pass="9" fail="0" skip="0" id="s1" name="Tests">Tests</stat>
<stat pass="3" fail="0" skip="0" id="s1-s1" name="Login">Tests.Login</stat>
<stat pass="6" fail="0" skip="0" id="s1-s2" name="Register">Tests.Register</stat>
</suite>
</statistics>
<errors>
</errors>
</robot>
