<?xml version="1.0" encoding="UTF-8"?>
<robot generator="Robot 6.1.1 (Python 3.10.12 on linux)" generated="20231113 19:32:27.161" rpa="false" schemaversion="4">
<suite id="s1" name="Login" source="/home/sarmiina/Documents/projects/ohtu-palautusrepo/viikko3/login-robot/src/tests/login.robot">
<test id="s1-t1" name="Login With Correct Credentials" line="6">
<kw name="Create User And Input Login Command" type="SETUP">
<kw name="Create User" library="AppLibrary">
<arg>kalle</arg>
<arg>kalle123</arg>
<status status="PASS" starttime="20231113 19:32:27.182" endtime="20231113 19:32:27.182"/>
</kw>
<kw name="Input Login Command" library="resource">
<kw name="Input" library="AppLibrary">
<arg>login</arg>
<status status="PASS" starttime="20231113 19:32:27.182" endtime="20231113 19:32:27.182"/>
</kw>
<status status="PASS" starttime="20231113 19:32:27.182" endtime="20231113 19:32:27.182"/>
</kw>
<status status="PASS" starttime="20231113 19:32:27.181" endtime="20231113 19:32:27.182"/>
</kw>
<kw name="Input Credentials" library="resource">
<arg>kalle</arg>
<arg>kalle123</arg>
<kw name="Input" library="AppLibrary">
<arg>${username}</arg>
<status status="PASS" starttime="20231113 19:32:27.183" endtime="20231113 19:32:27.183"/>
</kw>
<kw name="Input" library="AppLibrary">
<arg>${password}</arg>
<status status="PASS" starttime="20231113 19:32:27.183" endtime="20231113 19:32:27.183"/>
</kw>
<kw name="Run Application" library="AppLibrary">
<status status="PASS" starttime="20231113 19:32:27.183" endtime="20231113 19:33:55.812"/>
</kw>
<status status="PASS" starttime="20231113 19:32:27.182" endtime="20231113 19:33:55.812"/>
</kw>
<kw name="Output Should Contain" library="AppLibrary">
<arg>Logged in</arg>
<msg timestamp="20231113 19:33:55.813" level="FAIL">Output "Logged in" is not in ['']</msg>
<status status="FAIL" starttime="20231113 19:33:55.813" endtime="20231113 19:33:55.813"/>
</kw>
<status status="FAIL" starttime="20231113 19:32:27.181" endtime="20231113 19:33:55.814">Output "Logged in" is not in ['']</status>
</test>
<status status="FAIL" starttime="20231113 19:32:27.163" endtime="20231113 19:33:55.815"/>
</suite>
<statistics>
<total>
<stat pass="0" fail="1" skip="0">All Tests</stat>
</total>
<tag>
</tag>
<suite>
<stat pass="0" fail="1" skip="0" id="s1" name="Login">Login</stat>
</suite>
</statistics>
<errors>
</errors>
</robot>
